mkdir -p build/mica2
    compiling RipsOneHopC to a mica2 binary
ncc -o build/mica2/main.exe  -Os -I%T/lib/BigMsg -I./RadioInclude -I%T/lib/RemoteControl -I%T/lib/misc -I%T/lib/dfrf -I%T/lib/OrderCorrectADC -I%T/lib/FloodRouting -fnesc-separator=__ -Wall -Wshadow -Wnesc-all -target=mica2 -fnesc-cfile=build/mica2/app.c -board=micasb -DDEFINED_TOS_AM_GROUP=0x22 --param max-inline-insns-single=100000 -DIDENT_APPNAME=\"RipsOneHopC\" -DIDENT_USERNAME=\"rgao\" -DIDENT_HOSTNAME=\"rgao-virtual-ma\" -DIDENT_USERHASH=0x7942d6a9L -DIDENT_TIMESTAMP=0x5703ff54L -DIDENT_UIDHASH=0xe5e94290L -fnesc-dump=wiring -fnesc-dump='interfaces(!abstract())' -fnesc-dump='referenced(interfacedefs, components)' -fnesc-dumpfile=build/mica2/wiring-check.xml RipsOneHopC.nc -lm 
In file included from ./RadioInclude/RSSILoggerC.nc:36,
                 from RipsPhaseOffsetC.nc:39,
                 from RipsOneHopC.nc:34:
In component `SendBigMsgC':
/home/rgao/betta/tinyos-main/tos/lib/BigMsg/SendBigMsgC.nc:36: component GenericComm not found
/home/rgao/betta/tinyos-main/tos/lib/BigMsg/SendBigMsgC.nc:41: cannot find `AMSend'
In component `RSSILoggerC':
./RadioInclude/RSSILoggerC.nc:40: cannot find `Init'
In file included from RipsDataCollectionC.nc:38,
                 from RipsPhaseOffsetC.nc:40,
                 from RipsOneHopC.nc:34:
In component `RSSIEngineC':
./RadioInclude/RSSIEngineC.nc:39: component SysTimeC not found
./RadioInclude/RSSIEngineC.nc:39: component SysTimeStampingC not found
In file included from ./RadioInclude/RSSIEngineC.nc:40,
                 from RipsDataCollectionC.nc:38,
                 from RipsPhaseOffsetC.nc:40,
                 from RipsOneHopC.nc:34:
In C file:
./RadioInclude/RSSIEngineM.nc:33: C file Reset not found
./RadioInclude/RSSIEngineM.nc:34: C file SysTime not found
./RadioInclude/RSSIEngineM.nc:35: C file SysAlarm not found
In component `RSSIEngineM':
./RadioInclude/RSSIEngineM.nc:46: interface SysTime not found
./RadioInclude/RSSIEngineM.nc:47: interface SysAlarm not found
./RadioInclude/RSSIEngineM.nc:48: interface TimeStamping not found
./RadioInclude/RSSIEngineM.nc:51: syntax error before `('
./RadioInclude/RSSIEngineM.nc:93:1: warning: "CHECK" redefined
In file included from ./RadioInclude/RSSIEngineM.nc:1:
<built-in>: warning: this is the location of the previous definition
./RadioInclude/RSSIEngineM.nc: In function `sendSyncMH.runTask':
./RadioInclude/RSSIEngineM.nc:108: interface has no command or event named `getTime32'
./RadioInclude/RSSIEngineM.nc:118: interface has no command or event named `addStamp2'
./RadioInclude/RSSIEngineM.nc: At top level:
./RadioInclude/RSSIEngineM.nc:142: syntax error before `ReceiveMH'
./RadioInclude/RSSIEngineM.nc:145: `msg' undeclared here (not in a function)
./RadioInclude/RSSIEngineM.nc:145: subscripted value is neither array nor pointer
./RadioInclude/RSSIEngineM.nc:145: initializer element is not constant
./RadioInclude/RSSIEngineM.nc:145: (near initialization for `msgTSHeader')
./RadioInclude/RSSIEngineM.nc:146: initializer element is not constant
./RadioInclude/RSSIEngineM.nc:146: (near initialization for `delta')
./RadioInclude/RSSIEngineM.nc:147: initializer element is not constant
./RadioInclude/RSSIEngineM.nc:147: (near initialization for `numHops')
./RadioInclude/RSSIEngineM.nc:149: syntax error before `if'
./RadioInclude/RSSIEngineM.nc:156: warning: declaration of `syncMsg' shadows global declaration
./RadioInclude/RSSIEngineM.nc:62: warning: location of shadowed declaration
./RadioInclude/RSSIEngineM.nc:156: syntax error before `.'
./RadioInclude/RSSIEngineM.nc:156: warning: return-type defaults to `int'
./RadioInclude/RSSIEngineM.nc:156: conflicting types for `memcpy'
/usr/lib/gcc/avr/4.1.2/../../../../avr/include/string.h:117: previous declaration of `memcpy'
./RadioInclude/RSSIEngineM.nc:156: warning: data definition has no type or storage class
./RadioInclude/RSSIEngineM.nc:166: syntax error before `struct'
./RadioInclude/RSSIEngineM.nc:167: syntax error before `struct'
./RadioInclude/RSSIEngineM.nc:168: syntax error before `struct'
RSSIEngineM: `RSSIEngine.recordBlock' not implemented
RSSIEngineM: `RSSIEngine.suspendBlock' not implemented
RSSIEngineM: `RSSIEngine.calibrateTransmit' not implemented
RSSIEngineM: `RSSIEngine.restore' not implemented
RSSIEngineM: `RSSIEngine.wait' not implemented
RSSIEngineM: `RSSIEngine.rssiBlock' not implemented
RSSIEngineM: `RSSIEngine.calibrateReceive' not implemented
RSSIEngineM: `RSSIEngine.acquire' not implemented
RSSIEngineM: `RSSIEngine.transmitBlock' not implemented
RSSIEngineM: `RSSIEngine.getElapsedTime' not implemented
RSSIEngineM: `RSSIEngine.ripsBlock' not implemented
RSSIEngineM: `RSSIEngine.resetElapsedTime' not implemented
RSSIEngineM: `ReceiveMH.receive' not implemented
RSSIEngineM: `taskStep.runTask' not implemented
In component `RSSIEngineC':
./RadioInclude/RSSIEngineC.nc:52: syntax error before `('
./RadioInclude/RSSIEngineC.nc:44: cannot find `Init'
./RadioInclude/RSSIEngineC.nc:46: no match
./RadioInclude/RSSIEngineC.nc:47: no match
./RadioInclude/RSSIEngineC.nc:48: no match
./RadioInclude/RSSIEngineC.nc:49: cannot find `Receive'
./RadioInclude/RSSIEngineC.nc:50: cannot find `AMSend'
In component `RipsDataCollectionC':
RipsDataCollectionC.nc:47: cannot find `AMSend'
In component `RipsPhaseOffsetC':
RipsPhaseOffsetC.nc:40: component TimerC not found
RipsPhaseOffsetC.nc:49: cannot find `Timer'
RipsPhaseOffsetC.nc:50: cannot find `Receive'
RipsPhaseOffsetC.nc:51: cannot find `AMSend'
RipsPhaseOffsetC.nc:53: cannot find `Receive'
RipsPhaseOffsetC.nc:54: cannot find `AMSend'
In file included from /home/rgao/betta/tinyos-main/tos/lib/FloodRouting/FloodRoutingC.nc:43,
                 from RipsOneHopC.nc:34:
In component `FloodRoutingM':
/home/rgao/betta/tinyos-main/tos/lib/FloodRouting/FloodRoutingM.nc:53: interface SendMsg not found
/home/rgao/betta/tinyos-main/tos/lib/FloodRouting/FloodRoutingM.nc:54: interface ReceiveMsg not found
/home/rgao/betta/tinyos-main/tos/lib/FloodRouting/FloodRoutingM.nc:55: too few arguments to interface `Timer'
/home/rgao/betta/tinyos-main/tos/lib/FloodRouting/FloodRoutingM.nc:69: warning: tag block shadows enclosing struct/union/enum
/home/rgao/betta/tinyos-main/tos/lib/FloodRouting/FloodRoutingM.nc:98: warning: tag descriptor shadows enclosing struct/union/enum
/home/rgao/betta/tinyos-main/tos/lib/FloodRouting/FloodRoutingM.nc:163: syntax error before `rxMsgData'
/home/rgao/betta/tinyos-main/tos/lib/FloodRouting/FloodRoutingM.nc:164: syntax error before `rxMsg'
/home/rgao/betta/tinyos-main/tos/lib/FloodRouting/FloodRoutingM.nc: In function `copyData':
/home/rgao/betta/tinyos-main/tos/lib/FloodRouting/FloodRoutingM.nc:245: `txMsg' undeclared (first use in this function)
/home/rgao/betta/tinyos-main/tos/lib/FloodRouting/FloodRoutingM.nc:245: (Each undeclared identifier is reported only once
/home/rgao/betta/tinyos-main/tos/lib/FloodRouting/FloodRoutingM.nc:245: for each function it appears in.)
/home/rgao/betta/tinyos-main/tos/lib/FloodRouting/FloodRoutingM.nc: In function `sendMsg.runTask':
/home/rgao/betta/tinyos-main/tos/lib/FloodRouting/FloodRoutingM.nc:289: `txMsg' undeclared (first use in this function)
/home/rgao/betta/tinyos-main/tos/lib/FloodRouting/FloodRoutingM.nc:291: interface has no command or event named `send'
/home/rgao/betta/tinyos-main/tos/lib/FloodRouting/FloodRoutingM.nc:295: interface has no command or event named `redToggle'
/home/rgao/betta/tinyos-main/tos/lib/FloodRouting/FloodRoutingM.nc: In function `sendMsgDone.runTask':
/home/rgao/betta/tinyos-main/tos/lib/FloodRouting/FloodRoutingM.nc:314: `txMsg' undeclared (first use in this function)
/home/rgao/betta/tinyos-main/tos/lib/FloodRouting/FloodRoutingM.nc: At top level:
/home/rgao/betta/tinyos-main/tos/lib/FloodRouting/FloodRoutingM.nc:334: syntax error before `p'
/home/rgao/betta/tinyos-main/tos/lib/FloodRouting/FloodRoutingM.nc:335: `sendDone' is not in interface `SendMsg'
/home/rgao/betta/tinyos-main/tos/lib/FloodRouting/FloodRoutingM.nc: In function `SendMsg.sendDone':
/home/rgao/betta/tinyos-main/tos/lib/FloodRouting/FloodRoutingM.nc:336: `success' undeclared (first use in this function)
/home/rgao/betta/tinyos-main/tos/lib/FloodRouting/FloodRoutingM.nc: In function `procMsg.runTask':
/home/rgao/betta/tinyos-main/tos/lib/FloodRouting/FloodRoutingM.nc:358: `rxMsg' undeclared (first use in this function)
/home/rgao/betta/tinyos-main/tos/lib/FloodRouting/FloodRoutingM.nc:361: interface has no command or event named `greenToggle'
/home/rgao/betta/tinyos-main/tos/lib/FloodRouting/FloodRoutingM.nc: At top level:
/home/rgao/betta/tinyos-main/tos/lib/FloodRouting/FloodRoutingM.nc:395: syntax error before `ReceiveMsg'
/home/rgao/betta/tinyos-main/tos/lib/FloodRouting/FloodRoutingM.nc:401: warning: type defaults to `int' in declaration of `t'
/home/rgao/betta/tinyos-main/tos/lib/FloodRouting/FloodRoutingM.nc:401: `rxMsg' undeclared here (not in a function)
/home/rgao/betta/tinyos-main/tos/lib/FloodRouting/FloodRoutingM.nc:401: warning: data definition has no type or storage class
/home/rgao/betta/tinyos-main/tos/lib/FloodRouting/FloodRoutingM.nc:402: warning: type defaults to `int' in declaration of `rxMsg'
/home/rgao/betta/tinyos-main/tos/lib/FloodRouting/FloodRoutingM.nc:402: `p' undeclared here (not in a function)
/home/rgao/betta/tinyos-main/tos/lib/FloodRouting/FloodRoutingM.nc:402: warning: data definition has no type or storage class
/home/rgao/betta/tinyos-main/tos/lib/FloodRouting/FloodRoutingM.nc:403: warning: type defaults to `int' in declaration of `p'
/home/rgao/betta/tinyos-main/tos/lib/FloodRouting/FloodRoutingM.nc:403: initializer element is not constant
/home/rgao/betta/tinyos-main/tos/lib/FloodRouting/FloodRoutingM.nc:403: (near initialization for `p')
/home/rgao/betta/tinyos-main/tos/lib/FloodRouting/FloodRoutingM.nc:403: warning: data definition has no type or storage class
/home/rgao/betta/tinyos-main/tos/lib/FloodRouting/FloodRoutingM.nc:405: syntax error before `if'
FloodRoutingM: `FloodRouting.send' not implemented
FloodRoutingM: `FloodRouting.init' not implemented
FloodRoutingM: `FloodRouting.stop' not implemented
FloodRoutingM: `StdControl.start' not implemented
FloodRoutingM: `StdControl.stop' not implemented
FloodRoutingM: `Timer.fired' not implemented
In component `FloodRoutingC':
/home/rgao/betta/tinyos-main/tos/lib/FloodRouting/FloodRoutingC.nc:43: component NoLeds not found
/home/rgao/betta/tinyos-main/tos/lib/FloodRouting/FloodRoutingC.nc:49: cannot find `SendMsg'
/home/rgao/betta/tinyos-main/tos/lib/FloodRouting/FloodRoutingC.nc:50: cannot find `ReceiveMsg'
/home/rgao/betta/tinyos-main/tos/lib/FloodRouting/FloodRoutingC.nc:51: cannot find `Timer'
/home/rgao/betta/tinyos-main/tos/lib/FloodRouting/FloodRoutingC.nc:53: no match
/home/rgao/betta/tinyos-main/tos/lib/FloodRouting/FloodRoutingC.nc:54: no match
/home/rgao/betta/tinyos-main/tos/lib/FloodRouting/FloodRoutingC.nc:56: no match
In component `RipsOneHopC':
RipsOneHopC.nc:40: cannot find `Init'
RipsOneHopC.nc:54: no match
make: *** [exe0] Error 1
